# JRE version: Java(TM) SE Runtime Environment (16.0.2+7) (build 16.0.2+7-67)
# Java VM: Java HotSpot(TM) 64-Bit Server VM (16.0.2+7-67, mixed mode, sharing, tiered, compressed oops, compressed class ptrs, g1 gc, windows-amd64)
GC Precious Log:
 CPUs: 4 total, 4 available
 Memory: 3979M
 Large Page Support: Disabled
 NUMA Support: Disabled
 Compressed Oops: Enabled (32-bit)
 Heap Region Size: 1M
 Heap Min Capacity: 8M
 Heap Initial Capacity: 64M
 Heap Max Capacity: 996M
 Pre-touch: Disabled
 Parallel Workers: 4
 Concurrent Workers: 1
 Concurrent Refinement Workers: 4
 Periodic GC: Disabled
Heap:
 garbage-first heap   total 96256K, used 38391K [0x00000000c1c00000, 0x0000000100000000)
  region size 1024K, 4 young (4096K), 4 survivors (4096K)
 Metaspace       used 86534K, committed 87552K, reserved 1130496K
  class space    used 10317K, committed 10816K, reserved 1048576K
GC Heap History (20 events):
Event: 6291.596 GC heap after
{Heap after GC invocations=128 (full 11):
 garbage-first heap   total 96256K, used 29892K [0x00000000c1c00000, 0x0000000100000000)
  region size 1024K, 1 young (1024K), 1 survivors (1024K)
 Metaspace       used 85188K, committed 86144K, reserved 1130496K
  class space    used 10195K, committed 10624K, reserved 1048576K
}
Event: 6349.174 GC heap before
{Heap before GC invocations=128 (full 11):
 garbage-first heap   total 96256K, used 83140K [0x00000000c1c00000, 0x0000000100000000)
  region size 1024K, 53 young (54272K), 1 survivors (1024K)
 Metaspace       used 85381K, committed 86336K, reserved 1130496K
  class space    used 10217K, committed 10688K, reserved 1048576K
}
Event: 6349.338 GC heap after
{Heap after GC invocations=129 (full 11):
 garbage-first heap   total 96256K, used 31848K [0x00000000c1c00000, 0x0000000100000000)
  region size 1024K, 3 young (3072K), 3 survivors (3072K)
 Metaspace       used 85381K, committed 86336K, reserved 1130496K
  class space    used 10217K, committed 10688K, reserved 1048576K
}
Event: 6349.909 GC heap before
{Heap before GC invocations=129 (full 11):
 garbage-first heap   total 96256K, used 78952K [0x00000000c1c00000, 0x0000000100000000)
  region size 1024K, 50 young (51200K), 3 survivors (3072K)
 Metaspace       used 85414K, committed 86400K, reserved 1130496K
  class space    used 10219K, committed 10688K, reserved 1048576K
}
Event: 6349.928 GC heap after
{Heap after GC invocations=130 (full 11):
 garbage-first heap   total 96256K, used 32660K [0x00000000c1c00000, 0x0000000100000000)
  region size 1024K, 4 young (4096K), 4 survivors (4096K)
 Metaspace       used 85414K, committed 86400K, reserved 1130496K
  class space    used 10219K, committed 10688K, reserved 1048576K
}
Event: 6381.003 GC heap before
{Heap before GC invocations=130 (full 11):
 garbage-first heap   total 96256K, used 77716K [0x00000000c1c00000, 0x0000000100000000)
  region size 1024K, 49 young (50176K), 4 survivors (4096K)
 Metaspace       used 85515K, committed 86464K, reserved 1130496K
  class space    used 10232K, committed 10688K, reserved 1048576K
}
Event: 6381.029 GC heap after
{Heap after GC invocations=131 (full 11):
 garbage-first heap   total 96256K, used 31715K [0x00000000c1c00000, 0x0000000100000000)
  region size 1024K, 3 young (3072K), 3 survivors (3072K)
 Metaspace       used 85515K, committed 86464K, reserved 1130496K
  class space    used 10232K, committed 10688K, reserved 1048576K
}
Event: 6404.627 GC heap before
{Heap before GC invocations=131 (full 11):
 garbage-first heap   total 96256K, used 76771K [0x00000000c1c00000, 0x0000000100000000)
  region size 1024K, 48 young (49152K), 3 survivors (3072K)
 Metaspace       used 85652K, committed 86656K, reserved 1130496K
  class space    used 10250K, committed 10752K, reserved 1048576K
}
Event: 6404.738 GC heap after
{Heap after GC invocations=132 (full 11):
 garbage-first heap   total 96256K, used 33086K [0x00000000c1c00000, 0x0000000100000000)
  region size 1024K, 4 young (4096K), 4 survivors (4096K)
 Metaspace       used 85652K, committed 86656K, reserved 1130496K
  class space    used 10250K, committed 10752K, reserved 1048576K
}
Event: 6431.224 GC heap before
{Heap before GC invocations=132 (full 11):
 garbage-first heap   total 96256K, used 77118K [0x00000000c1c00000, 0x0000000100000000)
  region size 1024K, 47 young (48128K), 4 survivors (4096K)
 Metaspace       used 85882K, committed 86848K, reserved 1130496K
  class space    used 10275K, committed 10752K, reserved 1048576K
}
Event: 6431.332 GC heap after
{Heap after GC invocations=133 (full 11):
 garbage-first heap   total 96256K, used 34487K [0x00000000c1c00000, 0x0000000100000000)
  region size 1024K, 4 young (4096K), 4 survivors (4096K)
 Metaspace       used 85882K, committed 86848K, reserved 1130496K
  class space    used 10275K, committed 10752K, reserved 1048576K
}
Event: 6432.418 GC heap before
{Heap before GC invocations=133 (full 11):
 garbage-first heap   total 96256K, used 76471K [0x00000000c1c00000, 0x0000000100000000)
  region size 1024K, 46 young (47104K), 4 survivors (4096K)
 Metaspace       used 85912K, committed 86912K, reserved 1130496K
  class space    used 10277K, committed 10752K, reserved 1048576K
}
Event: 6432.745 GC heap after
{Heap after GC invocations=134 (full 11):
 garbage-first heap   total 96256K, used 35376K [0x00000000c1c00000, 0x0000000100000000)
  region size 1024K, 4 young (4096K), 4 survivors (4096K)
 Metaspace       used 85912K, committed 86912K, reserved 1130496K
  class space    used 10277K, committed 10752K, reserved 1048576K
}
Event: 6435.722 GC heap before
{Heap before GC invocations=134 (full 11):
 garbage-first heap   total 96256K, used 59952K [0x00000000c1c00000, 0x0000000100000000)
  region size 1024K, 29 young (29696K), 4 survivors (4096K)
 Metaspace       used 85959K, committed 86976K, reserved 1130496K
  class space    used 10279K, committed 10752K, reserved 1048576K
}
Event: 6436.103 GC heap after
{Heap after GC invocations=135 (full 11):
 garbage-first heap   total 96256K, used 35982K [0x00000000c1c00000, 0x0000000100000000)
  region size 1024K, 2 young (2048K), 2 survivors (2048K)
 Metaspace       used 85959K, committed 86976K, reserved 1130496K
  class space    used 10279K, committed 10752K, reserved 1048576K
}
Event: 6443.166 GC heap before
{Heap before GC invocations=135 (full 11):
 garbage-first heap   total 96256K, used 78990K [0x00000000c1c00000, 0x0000000100000000)
  region size 1024K, 44 young (45056K), 2 survivors (2048K)
 Metaspace       used 86251K, committed 87232K, reserved 1130496K
  class space    used 10293K, committed 10752K, reserved 1048576K
}
Event: 6443.208 GC heap after
{Heap after GC invocations=136 (full 11):
 garbage-first heap   total 96256K, used 37401K [0x00000000c1c00000, 0x0000000100000000)
  region size 1024K, 4 young (4096K), 4 survivors (4096K)
 Metaspace       used 86251K, committed 87232K, reserved 1130496K
  class space    used 10293K, committed 10752K, reserved 1048576K
}
Event: 6446.146 GC heap before
{Heap before GC invocations=136 (full 11):
 garbage-first heap   total 96256K, used 64025K [0x00000000c1c00000, 0x0000000100000000)
  region size 1024K, 30 young (30720K), 4 survivors (4096K)
 Metaspace       used 86418K, committed 87424K, reserved 1130496K
  class space    used 10302K, committed 10816K, reserved 1048576K
}
Event: 6446.294 GC heap after
{Heap after GC invocations=137 (full 11):
 garbage-first heap   total 96256K, used 36879K [0x00000000c1c00000, 0x0000000100000000)
  region size 1024K, 2 young (2048K), 2 survivors (2048K)
 Metaspace       used 86418K, committed 87424K, reserved 1130496K
  class space    used 10302K, committed 10816K, reserved 1048576K
}
Event: 6468.336 GC heap before
{Heap before GC invocations=137 (full 11):
 garbage-first heap   total 96256K, used 77839K [0x00000000c1c00000, 0x0000000100000000)
  region size 1024K, 43 young (44032K), 2 survivors (2048K)
 Metaspace       used 86534K, committed 87552K, reserved 1130496K
  class space    used 10317K, committed 10816K, reserved 1048576K
}

